<?xml version="1.0" encoding="UTF-8"?>
<!-- Generated by org.testng.reporters.JUnitReportReporter -->
<testsuite hostname="HiccupDaDrgn" failures="0" tests="2" name="stepdefinations.apache.TestRunner" time="0.186" errors="0" timestamp="07 Jan 2021 19:45:38 GMT" skipped="0">
  <testcase classname="stepdefinations.apache.TestRunner" name="runScenario" time="0.174"/>
  <testcase classname="stepdefinations.apache.TestRunner" name="runScenario" time="0.012"/>
</testsuite> <!-- stepdefinations.apache.TestRunner -->
