<?xml version="1.0" encoding="UTF-8"?>
<!-- Generated by org.testng.reporters.JUnitReportReporter -->
<testsuite hostname="HiccupDaDrgn" failures="0" tests="2" name="stepdefinations.TestRunner" time="40.517" errors="0" timestamp="07 Jan 2021 18:44:09 GMT" skipped="0">
  <testcase classname="stepdefinations.TestRunner" name="runScenario" time="19.423"/>
  <testcase classname="stepdefinations.TestRunner" name="runScenario" time="21.094"/>
</testsuite> <!-- stepdefinations.TestRunner -->
