<?xml version="1.0" encoding="UTF-8"?>
<!-- Generated by org.testng.reporters.JUnitReportReporter -->
<testsuite hostname="HiccupDaDrgn" failures="0" tests="2" name="stepdefinations.background.TestRunner" time="33.898" errors="0" timestamp="07 Jan 2021 20:02:20 GMT" skipped="0">
  <testcase classname="stepdefinations.background.TestRunner" name="runScenario" time="17.504"/>
  <testcase classname="stepdefinations.background.TestRunner" name="runScenario" time="16.394"/>
</testsuite> <!-- stepdefinations.background.TestRunner -->
